<?xml version="1.0" encoding="UTF-8"?>
<testng-results skipped="0" failed="0" total="5" passed="5">
  <reporter-output>
  </reporter-output>
  <suite name="Default suite" duration-ms="478" started-at="2014-10-16T21:52:27Z" finished-at="2014-10-16T21:52:27Z">
    <groups>
    </groups>
    <test name="Default test" duration-ms="478" started-at="2014-10-16T21:52:27Z" finished-at="2014-10-16T21:52:27Z">
      <class name="com.sample.service.TestUserService">
        <test-method status="PASS" signature="setupClass()[pri:0, instance:com.sample.service.TestUserService@2457256f]" name="setupClass" is-config="true" duration-ms="408" started-at="2014-10-16T17:52:27Z" finished-at="2014-10-16T17:52:27Z">
          <reporter-output>
          </reporter-output>
        </test-method> <!-- setupClass -->
        <test-method status="PASS" signature="testAdd()[pri:0, instance:com.sample.service.TestUserService@2457256f]" name="testAdd" duration-ms="23" started-at="2014-10-16T17:52:27Z" finished-at="2014-10-16T17:52:27Z">
          <reporter-output>
          </reporter-output>
        </test-method> <!-- testAdd -->
        <test-method status="PASS" signature="testShow()[pri:0, instance:com.sample.service.TestUserService@2457256f]" name="testShow" duration-ms="0" started-at="2014-10-16T17:52:27Z" finished-at="2014-10-16T17:52:27Z">
          <reporter-output>
          </reporter-output>
        </test-method> <!-- testShow -->
      </class> <!-- com.sample.service.TestUserService -->
      <class name="com.sample.dao.TestUserDaoImpl">
        <test-method status="PASS" signature="setupClass()[pri:0, instance:com.sample.dao.TestUserDaoImpl@7108759d]" name="setupClass" is-config="true" duration-ms="28" started-at="2014-10-16T17:52:27Z" finished-at="2014-10-16T17:52:27Z">
          <reporter-output>
          </reporter-output>
        </test-method> <!-- setupClass -->
        <test-method status="PASS" signature="testAdd1()[pri:0, instance:com.sample.dao.TestUserDaoImpl@7108759d]" name="testAdd1" duration-ms="6" started-at="2014-10-16T17:52:27Z" finished-at="2014-10-16T17:52:27Z">
          <reporter-output>
          </reporter-output>
        </test-method> <!-- testAdd1 -->
        <test-method status="PASS" signature="testAdd2()[pri:0, instance:com.sample.dao.TestUserDaoImpl@7108759d]" name="testAdd2" duration-ms="1" started-at="2014-10-16T17:52:27Z" depends-on-methods="com.sample.dao.TestUserDaoImpl.testAdd1" finished-at="2014-10-16T17:52:27Z">
          <reporter-output>
          </reporter-output>
        </test-method> <!-- testAdd2 -->
        <test-method status="PASS" signature="testList()[pri:0, instance:com.sample.dao.TestUserDaoImpl@7108759d]" name="testList" duration-ms="0" started-at="2014-10-16T17:52:27Z" depends-on-methods="com.sample.dao.TestUserDaoImpl.testAdd2" finished-at="2014-10-16T17:52:27Z">
          <reporter-output>
          </reporter-output>
        </test-method> <!-- testList -->
      </class> <!-- com.sample.dao.TestUserDaoImpl -->
    </test> <!-- Default test -->
  </suite> <!-- Default suite -->
</testng-results>
