<?xml version="1.0" encoding="UTF-8"?>
<!-- Generated by org.testng.reporters.JUnitXMLReporter -->
<testsuite hostname="XPS8700" name="Default test" tests="5" failures="0" timestamp="16 Oct 2014 21:52:27 GMT" time="0.478" errors="0">
  <testcase name="testAdd" time="0.023" classname="com.sample.service.TestUserService"/>
  <testcase name="testShow" time="0.0" classname="com.sample.service.TestUserService"/>
  <testcase name="testAdd1" time="0.006" classname="com.sample.dao.TestUserDaoImpl"/>
  <testcase name="testAdd2" time="0.001" classname="com.sample.dao.TestUserDaoImpl"/>
  <testcase name="testList" time="0.0" classname="com.sample.dao.TestUserDaoImpl"/>
</testsuite> <!-- Default test -->
